<?xml version="1.0" encoding="UTF-8"?>
<!-- Generated by org.testng.reporters.JUnitXMLReporter -->
<testsuite hostname="Lenovo-PC" ignored="2" name="UIBankTest" tests="9" failures="0" timestamp="2021-11-05T10:20:07 IST" time="48.217" errors="0">
  <testcase name="loginFieldValidation" time="3.264" classname="testcases.TC001_Login"/>
  <testcase name="registrationFieldValidation" time="3.919" classname="testcases.TC002_Registration"/>
  <testcase name="loginWithValidCredential" time="6.404" classname="testcases.TC001_Login"/>
  <testcase name="loginWithValidCredential" time="4.279" classname="testcases.TC001_Login"/>
  <testcase name="regiterWithMandatoryFields" time="11.798" classname="testcases.TC002_Registration"/>
  <testcase name="loginWithValidCredential" time="3.155" classname="testcases.TC001_Login"/>
  <testcase name="regiterWithMandatoryFields" time="4.693" classname="testcases.TC002_Registration"/>
  <testcase name="loginWithInValidCredential" time="4.832" classname="testcases.TC001_Login"/>
  <testcase name="regiterWithMandatoryFields" time="9.355" classname="testcases.TC002_Registration"/>
  <testcase name="@AfterSuite flushReport" time="0.0" classname="base.BaseClass">
    <ignored/>
  </testcase> <!-- @AfterSuite flushReport -->
  <testcase name="@BeforeSuite initReport" time="0.0" classname="base.BaseClass">
    <ignored/>
  </testcase> <!-- @BeforeSuite initReport -->
</testsuite> <!-- UIBankTest -->
