<?xml version="1.0" encoding="UTF-8"?>
<testng-results skipped="0" failed="0" ignored="0" total="9" passed="9">
  <reporter-output>
  </reporter-output>
  <suite name="UIBankSuite" duration-ms="36390" started-at="2021-11-02T09:18:04 IST" finished-at="2021-11-02T09:18:41 IST">
    <groups>
    </groups>
    <test name="UIBankTest" duration-ms="36390" started-at="2021-11-02T09:18:04 IST" finished-at="2021-11-02T09:18:41 IST">
      <class name="testcases.TC001_Login">
        <test-method status="PASS" signature="setUpTestCase()[pri:0, instance:testcases.TC001_Login@77846d2c]" name="setUpTestCase" is-config="true" duration-ms="26" started-at="2021-11-02T09:18:04 IST" finished-at="2021-11-02T09:18:04 IST">
          <reporter-output>
          </reporter-output>
        </test-method> <!-- setUpTestCase -->
        <test-method status="PASS" signature="browserInvoke()[pri:0, instance:testcases.TC001_Login@77846d2c]" name="browserInvoke" is-config="true" duration-ms="18580" started-at="2021-11-02T09:18:04 IST" finished-at="2021-11-02T09:18:23 IST">
          <reporter-output>
          </reporter-output>
        </test-method> <!-- browserInvoke -->
        <test-method status="PASS" signature="loginFieldValidation()[pri:1, instance:testcases.TC001_Login@77846d2c]" name="loginFieldValidation" duration-ms="694" started-at="2021-11-02T09:18:23 IST" finished-at="2021-11-02T09:18:24 IST">
          <reporter-output>
          </reporter-output>
        </test-method> <!-- loginFieldValidation -->
        <test-method status="PASS" signature="loginWithValidCredential(java.lang.String,java.lang.String)[pri:2, instance:testcases.TC001_Login@77846d2c]" name="loginWithValidCredential" duration-ms="5775" started-at="2021-11-02T09:18:26 IST" data-provider="ExcelData" finished-at="2021-11-02T09:18:32 IST">
          <params>
            <param index="0">
              <value>
                <![CDATA[Mathan]]>
              </value>
            </param>
            <param index="1">
              <value>
                <![CDATA[Testing123]]>
              </value>
            </param>
          </params>
          <reporter-output>
          </reporter-output>
        </test-method> <!-- loginWithValidCredential -->
        <test-method status="PASS" signature="loginWithValidCredential(java.lang.String,java.lang.String)[pri:2, instance:testcases.TC001_Login@77846d2c]" name="loginWithValidCredential" duration-ms="1881" started-at="2021-11-02T09:18:32 IST" data-provider="ExcelData" finished-at="2021-11-02T09:18:34 IST">
          <params>
            <param index="0">
              <value>
                <![CDATA[test1]]>
              </value>
            </param>
            <param index="1">
              <value>
                <![CDATA[test1]]>
              </value>
            </param>
          </params>
          <reporter-output>
          </reporter-output>
        </test-method> <!-- loginWithValidCredential -->
        <test-method status="PASS" signature="loginWithValidCredential(java.lang.String,java.lang.String)[pri:2, instance:testcases.TC001_Login@77846d2c]" name="loginWithValidCredential" duration-ms="1760" started-at="2021-11-02T09:18:34 IST" data-provider="ExcelData" finished-at="2021-11-02T09:18:36 IST">
          <params>
            <param index="0">
              <value>
                <![CDATA[mathivathana.mp]]>
              </value>
            </param>
            <param index="1">
              <value>
                <![CDATA[november1987]]>
              </value>
            </param>
          </params>
          <reporter-output>
          </reporter-output>
        </test-method> <!-- loginWithValidCredential -->
        <test-method status="PASS" signature="loginWithInValidCredential()[pri:3, instance:testcases.TC001_Login@77846d2c]" name="loginWithInValidCredential" duration-ms="1126" started-at="2021-11-02T09:18:36 IST" finished-at="2021-11-02T09:18:37 IST">
          <reporter-output>
          </reporter-output>
        </test-method> <!-- loginWithInValidCredential -->
        <test-method status="PASS" signature="closeBrowser()[pri:0, instance:testcases.TC001_Login@77846d2c]" name="closeBrowser" is-config="true" duration-ms="3692" started-at="2021-11-02T09:18:37 IST" finished-at="2021-11-02T09:18:41 IST">
          <reporter-output>
          </reporter-output>
        </test-method> <!-- closeBrowser -->
      </class> <!-- testcases.TC001_Login -->
      <class name="testcases.TC002_Registration">
        <test-method status="PASS" signature="setUpTestCase()[pri:0, instance:testcases.TC002_Registration@24a35978]" name="setUpTestCase" is-config="true" duration-ms="1" started-at="2021-11-02T09:18:04 IST" finished-at="2021-11-02T09:18:04 IST">
          <reporter-output>
          </reporter-output>
        </test-method> <!-- setUpTestCase -->
        <test-method status="PASS" signature="browserInvoke()[pri:0, instance:testcases.TC002_Registration@24a35978]" name="browserInvoke" is-config="true" duration-ms="17119" started-at="2021-11-02T09:18:04 IST" finished-at="2021-11-02T09:18:22 IST">
          <reporter-output>
          </reporter-output>
        </test-method> <!-- browserInvoke -->
        <test-method status="PASS" signature="registrationFieldValidation()[pri:1, instance:testcases.TC002_Registration@24a35978]" name="registrationFieldValidation" duration-ms="1793" started-at="2021-11-02T09:18:22 IST" finished-at="2021-11-02T09:18:23 IST">
          <reporter-output>
          </reporter-output>
        </test-method> <!-- registrationFieldValidation -->
        <test-method status="PASS" signature="regiterWithMandatoryFields(java.lang.String,java.lang.String,java.lang.String,java.lang.String,java.lang.String)[pri:2, instance:testcases.TC002_Registration@24a35978]" name="regiterWithMandatoryFields" duration-ms="5705" started-at="2021-11-02T09:18:26 IST" data-provider="ExcelData" finished-at="2021-11-02T09:18:32 IST">
          <params>
            <param index="0">
              <value>
                <![CDATA[Selvin]]>
              </value>
            </param>
            <param index="1">
              <value>
                <![CDATA[test]]>
              </value>
            </param>
            <param index="2">
              <value>
                <![CDATA[Credo]]>
              </value>
            </param>
            <param index="3">
              <value>
                <![CDATA[credo]]>
              </value>
            </param>
            <param index="4">
              <value>
                <![CDATA[test123]]>
              </value>
            </param>
          </params>
          <reporter-output>
          </reporter-output>
        </test-method> <!-- regiterWithMandatoryFields -->
        <test-method status="PASS" signature="regiterWithMandatoryFields(java.lang.String,java.lang.String,java.lang.String,java.lang.String,java.lang.String)[pri:2, instance:testcases.TC002_Registration@24a35978]" name="regiterWithMandatoryFields" duration-ms="4574" started-at="2021-11-02T09:18:32 IST" data-provider="ExcelData" finished-at="2021-11-02T09:18:37 IST">
          <params>
            <param index="0">
              <value>
                <![CDATA[Mathi]]>
              </value>
            </param>
            <param index="1">
              <value>
                <![CDATA[test]]>
              </value>
            </param>
            <param index="2">
              <value>
                <![CDATA[Credo]]>
              </value>
            </param>
            <param index="3">
              <value>
                <![CDATA[credo]]>
              </value>
            </param>
            <param index="4">
              <value>
                <![CDATA[test123]]>
              </value>
            </param>
          </params>
          <reporter-output>
          </reporter-output>
        </test-method> <!-- regiterWithMandatoryFields -->
        <test-method status="PASS" signature="regiterWithMandatoryFields(java.lang.String,java.lang.String,java.lang.String,java.lang.String,java.lang.String)[pri:2, instance:testcases.TC002_Registration@24a35978]" name="regiterWithMandatoryFields" duration-ms="2431" started-at="2021-11-02T09:18:37 IST" data-provider="ExcelData" finished-at="2021-11-02T09:18:39 IST">
          <params>
            <param index="0">
              <value>
                <![CDATA[Deepika]]>
              </value>
            </param>
            <param index="1">
              <value>
                <![CDATA[test]]>
              </value>
            </param>
            <param index="2">
              <value>
                <![CDATA[Credo]]>
              </value>
            </param>
            <param index="3">
              <value>
                <![CDATA[credo]]>
              </value>
            </param>
            <param index="4">
              <value>
                <![CDATA[test123]]>
              </value>
            </param>
          </params>
          <reporter-output>
          </reporter-output>
        </test-method> <!-- regiterWithMandatoryFields -->
        <test-method status="PASS" signature="closeBrowser()[pri:0, instance:testcases.TC002_Registration@24a35978]" name="closeBrowser" is-config="true" duration-ms="1545" started-at="2021-11-02T09:18:39 IST" finished-at="2021-11-02T09:18:41 IST">
          <reporter-output>
          </reporter-output>
        </test-method> <!-- closeBrowser -->
      </class> <!-- testcases.TC002_Registration -->
    </test> <!-- UIBankTest -->
  </suite> <!-- UIBankSuite -->
</testng-results>
